05-Dec-2023 21:59:50.836 INFO [main] org.apache.catalina.startup.VersionLoggerListener.log 서버 버전 이름:    Apache Tomcat/10.1.16
05-Dec-2023 21:59:50.857 INFO [main] org.apache.catalina.startup.VersionLoggerListener.log Server 빌드 시각:  Nov 10 2023 16:17:33 UTC
05-Dec-2023 21:59:50.860 INFO [main] org.apache.catalina.startup.VersionLoggerListener.log Server 버전 번호:  10.1.16.0
05-Dec-2023 21:59:50.861 INFO [main] org.apache.catalina.startup.VersionLoggerListener.log 운영체제 이름:     Windows 10
05-Dec-2023 21:59:50.862 INFO [main] org.apache.catalina.startup.VersionLoggerListener.log 운영체제 버전:     10.0
05-Dec-2023 21:59:50.862 INFO [main] org.apache.catalina.startup.VersionLoggerListener.log 아키텍처:          amd64
05-Dec-2023 21:59:50.864 INFO [main] org.apache.catalina.startup.VersionLoggerListener.log 자바 홈:           C:\Users\양형경\.jdks\openjdk-21.0.1
05-Dec-2023 21:59:50.867 INFO [main] org.apache.catalina.startup.VersionLoggerListener.log JVM 버전:          21.0.1+12-29
05-Dec-2023 21:59:50.867 INFO [main] org.apache.catalina.startup.VersionLoggerListener.log JVM 벤더:          Oracle Corporation
05-Dec-2023 21:59:50.867 INFO [main] org.apache.catalina.startup.VersionLoggerListener.log CATALINA_BASE:     C:\app\Java\spring2311\2.서블릿&JSP\exam04\src\main
05-Dec-2023 21:59:50.868 INFO [main] org.apache.catalina.startup.VersionLoggerListener.log CATALINA_HOME:     C:\dev\tool\apache-tomcat-10.1.16
05-Dec-2023 21:59:50.907 INFO [main] org.apache.catalina.startup.VersionLoggerListener.log 명령 행 아규먼트:  --add-opens=java.base/java.lang=ALL-UNNAMED
05-Dec-2023 21:59:50.907 INFO [main] org.apache.catalina.startup.VersionLoggerListener.log 명령 행 아규먼트:  --add-opens=java.base/java.io=ALL-UNNAMED
05-Dec-2023 21:59:50.907 INFO [main] org.apache.catalina.startup.VersionLoggerListener.log 명령 행 아규먼트:  --add-opens=java.base/java.util=ALL-UNNAMED
05-Dec-2023 21:59:50.908 INFO [main] org.apache.catalina.startup.VersionLoggerListener.log 명령 행 아규먼트:  --add-opens=java.base/java.util.concurrent=ALL-UNNAMED
05-Dec-2023 21:59:50.908 INFO [main] org.apache.catalina.startup.VersionLoggerListener.log 명령 행 아규먼트:  --add-opens=java.rmi/sun.rmi.transport=ALL-UNNAMED
05-Dec-2023 21:59:50.908 INFO [main] org.apache.catalina.startup.VersionLoggerListener.log 명령 행 아규먼트:  -Dcatalina.home=C:\dev\tool\apache-tomcat-10.1.16
05-Dec-2023 21:59:50.909 INFO [main] org.apache.catalina.startup.VersionLoggerListener.log 명령 행 아규먼트:  -Dcatalina.base=C:\app\Java\spring2311\2.서블릿&JSP\exam04\src\main
05-Dec-2023 21:59:50.909 INFO [main] org.apache.catalina.startup.VersionLoggerListener.log 명령 행 아규먼트:  -Djava.io.tmpdir=C:\app\Java\spring2311\2.서블릿&JSP\exam04\src\main\temp
05-Dec-2023 21:59:50.909 INFO [main] org.apache.catalina.startup.VersionLoggerListener.log 명령 행 아규먼트:  -Djava.util.logging.config.file=C:\app\Java\spring2311\2.서블릿&JSP\exam04\src\main\conf\logging.properties
05-Dec-2023 21:59:50.909 INFO [main] org.apache.catalina.startup.VersionLoggerListener.log 명령 행 아규먼트:  -Djava.util.logging.manager=org.apache.juli.ClassLoaderLogManager
05-Dec-2023 21:59:50.910 INFO [main] org.apache.catalina.startup.VersionLoggerListener.log 명령 행 아규먼트:  -javaagent:C:\Program Files\JetBrains\IntelliJ IDEA Community Edition 2023.2\lib\idea_rt.jar=62587:C:\Program Files\JetBrains\IntelliJ IDEA Community Edition 2023.2\bin
05-Dec-2023 21:59:50.910 INFO [main] org.apache.catalina.startup.VersionLoggerListener.log 명령 행 아규먼트:  -Dfile.encoding=UTF-8
05-Dec-2023 21:59:50.910 INFO [main] org.apache.catalina.startup.VersionLoggerListener.log 명령 행 아규먼트:  -Dsun.stdout.encoding=UTF-8
05-Dec-2023 21:59:50.910 INFO [main] org.apache.catalina.startup.VersionLoggerListener.log 명령 행 아규먼트:  -Dsun.stderr.encoding=UTF-8
05-Dec-2023 21:59:50.926 INFO [main] org.apache.catalina.core.AprLifecycleListener.lifecycleEvent APR 버전 [1.7.4]을(를) 사용한, APR 기반 Apache Tomcat Native 라이브러리 [2.0.6]을(를) 로드했습니다.
05-Dec-2023 21:59:50.970 INFO [main] org.apache.catalina.core.AprLifecycleListener.initializeSSL OpenSSL이 성공적으로 초기화되었습니다: [OpenSSL 3.0.11 19 Sep 2023]
05-Dec-2023 21:59:51.904 INFO [main] org.apache.coyote.AbstractProtocol.init 프로토콜 핸들러 ["http-nio-3000"]을(를) 초기화합니다.
05-Dec-2023 21:59:51.969 INFO [main] org.apache.catalina.startup.Catalina.load [2261] 밀리초 내에 서버가 초기화되었습니다.
05-Dec-2023 21:59:52.120 INFO [main] org.apache.catalina.core.StandardService.startInternal 서비스 [Catalina]을(를) 시작합니다.
05-Dec-2023 21:59:52.121 INFO [main] org.apache.catalina.core.StandardEngine.startInternal 서버 엔진을 시작합니다: [Apache Tomcat/10.1.16]
05-Dec-2023 21:59:52.176 INFO [main] org.apache.catalina.startup.HostConfig.deployDescriptor 배치 descriptor [C:\app\Java\spring2311\2.서블릿&JSP\exam04\src\main\conf\Catalina\localhost\exam04.xml]을(를) 배치합니다.
05-Dec-2023 21:59:53.287 SEVERE [main] org.apache.catalina.core.StandardContext.startInternal 하나 이상의 필터들이 시작하지 못했습니다. 모든 상세 사항은 적절한 컨테이너 로그 파일에서 찾을 수 있습니다.
05-Dec-2023 21:59:53.288 SEVERE [main] org.apache.catalina.core.StandardContext.startInternal 이전 오류들로 인해 컨텍스트 [/exam04]의 시작이 실패했습니다.
05-Dec-2023 21:59:53.316 INFO [main] org.apache.catalina.startup.HostConfig.deployDescriptor 배치 descriptor [C:\app\Java\spring2311\2.서블릿&JSP\exam04\src\main\conf\Catalina\localhost\exam04.xml]의 배치가 [1,134] 밀리초 내에 완료되었습니다.
05-Dec-2023 21:59:53.323 INFO [main] org.apache.coyote.AbstractProtocol.start 프로토콜 핸들러 ["http-nio-3000"]을(를) 시작합니다.
05-Dec-2023 21:59:53.404 INFO [main] org.apache.catalina.startup.Catalina.start 서버가 [1435] 밀리초 내에 시작되었습니다.
05-Dec-2023 22:00:20.565 INFO [Thread-1] org.apache.coyote.AbstractProtocol.pause 프로토콜 핸들러 ["http-nio-3000"]을(를) 일시 정지 중
05-Dec-2023 22:00:20.569 INFO [Thread-1] org.apache.catalina.core.StandardService.stopInternal 서비스 [Catalina]을(를) 중지시킵니다.
05-Dec-2023 22:00:20.571 INFO [Thread-1] org.apache.coyote.AbstractProtocol.stop 프로토콜 핸들러 ["http-nio-3000"]을(를) 중지시킵니다.
05-Dec-2023 22:00:20.578 INFO [Thread-1] org.apache.coyote.AbstractProtocol.destroy 프로토콜 핸들러 ["http-nio-3000"]을(를) 소멸시킵니다.
